d:\prj\generator\x64\debug\vc142.pdb
d:\prj\generator\x64\debug\vc142.idb
d:\prj\generator\x64\debug\qcustomplot.obj
d:\prj\generator\x64\debug\gen_cmd.obj
d:\prj\generator\x64\debug\twopositionswitch.obj
d:\prj\generator\x64\debug\pc_udp.obj
d:\prj\generator\x64\debug\digitcounter.obj
d:\prj\generator\x64\debug\udp_send_res.obj
d:\prj\generator\x64\debug\param_ed.obj
d:\prj\generator\x64\debug\main.obj
d:\prj\generator\x64\debug\generator.obj
d:\prj\generator\x64\debug\fcs16.obj
d:\prj\generator\x64\debug\qrc_generator.obj
d:\prj\generator\x64\debug\moc_pc_udp.obj
d:\prj\generator\x64\debug\moc_udp_send_res.obj
d:\prj\generator\x64\debug\moc_digitcounter.obj
d:\prj\generator\x64\debug\moc_param_ed.obj
d:\prj\generator\x64\debug\moc_generator.obj
d:\prj\generator\x64\debug\moc_gen_cmd.obj
d:\prj\generator\x64\debug\moc_qcustomplot.obj
d:\prj\generator\x64\debug\qtvars_plugin_import.obj
d:\prj\generator\x64\debug\moc_twopositionswitch.obj
d:\prj\generator\x64\debug\qt\uic\ui_generator.h
d:\prj\generator\x64\debug\qt\rcc\qrc_generator.cpp
d:\prj\generator\x64\debug\qt\moc\moc_generator.cpp
d:\prj\generator\x64\debug\qt\moc\moc_gen_cmd.cpp
d:\prj\generator\x64\debug\qt\moc\moc_digitcounter.cpp
d:\prj\generator\x64\debug\qt\moc\moc_twopositionswitch.cpp
d:\prj\generator\x64\debug\qt\moc\moc_param_ed.cpp
d:\prj\generator\x64\debug\qt\moc\moc_udp_send_res.cpp
d:\prj\generator\x64\debug\qt\moc\moc_qcustomplot.cpp
d:\prj\generator\x64\debug\qt\moc\moc_pc_udp.cpp
d:\prj\generator\x64\debug\generator.ilk
d:\prj\generator\x64\debug\generator.exe
d:\prj\generator\x64\debug\generator.pdb
d:\prj\generator\x64\debug\generator.tlog\cl.command.1.tlog
d:\prj\generator\x64\debug\generator.tlog\cl.read.1.tlog
d:\prj\generator\x64\debug\generator.tlog\cl.write.1.tlog
d:\prj\generator\x64\debug\generator.tlog\generator.write.1u.tlog
d:\prj\generator\x64\debug\generator.tlog\link.command.1.tlog
d:\prj\generator\x64\debug\generator.tlog\link.read.1.tlog
d:\prj\generator\x64\debug\generator.tlog\link.write.1.tlog
d:\prj\generator\x64\debug\generator.tlog\moc.read.1u.tlog
d:\prj\generator\x64\debug\generator.tlog\moc.write.1u.tlog
d:\prj\generator\x64\debug\generator.tlog\rcc.read.1u.tlog
d:\prj\generator\x64\debug\generator.tlog\rcc.write.1u.tlog
d:\prj\generator\x64\debug\generator.tlog\uic.read.1u.tlog
d:\prj\generator\x64\debug\generator.tlog\uic.write.1u.tlog
